<?xml version="1.0" encoding="UTF-8"?>
<!-- Generated by org.testng.reporters.JUnitReportReporter -->
<testsuite hostname="LAPTOP-N30P3JJF" failures="0" tests="2" name="com.locators.IdLocator" time="3.356" errors="0" timestamp="2022-10-29T12:26:54 EDT" skipped="0">
  <testcase classname="com.locators.IdLocator" name="setUp" time="3.247"/>
  <system-out/>
  <testcase classname="com.locators.IdLocator" name="username" time="0.109"/>
  <system-out/>
</testsuite> <!-- com.locators.IdLocator -->
