<?xml version="1.0" encoding="UTF-8"?>
<!-- Generated by org.testng.reporters.JUnitReportReporter -->
<testsuite hostname="LAPTOP-N30P3JJF" failures="0" tests="1" name="com.locators.Google" time="9.138" errors="0" timestamp="2022-10-29T12:26:32 EDT" skipped="0">
  <testcase classname="com.locators.Google" name="search" time="9.138"/>
  <system-out/>
</testsuite> <!-- com.locators.Google -->
