<?xml version="1.0" encoding="UTF-8"?>
<!-- Generated by org.testng.reporters.JUnitReportReporter -->
<testsuite hostname="LAPTOP-N30P3JJF" failures="0" tests="1" name="com.locators.Outlook" time="7.822" errors="0" timestamp="2022-10-29T12:26:02 EDT" skipped="0">
  <testcase classname="com.locators.Outlook" name="partialLink" time="7.822"/>
  <system-out/>
</testsuite> <!-- com.locators.Outlook -->
