<?xml version="1.0" encoding="UTF-8"?>
<!-- Generated by org.testng.reporters.JUnitReportReporter -->
<testsuite hostname="LAPTOP-N30P3JJF" failures="0" tests="1" name="com.locators.Yahoo" time="14.083" errors="0" timestamp="2022-10-29T12:25:42 EDT" skipped="0">
  <testcase classname="com.locators.Yahoo" name="LinkText" time="14.083"/>
  <system-out/>
</testsuite> <!-- com.locators.Yahoo -->
